<?xml version="1.0" encoding="UTF-8"?>
<!-- Generated by org.testng.reporters.JUnitXMLReporter -->
<testsuite ignored="0" hostname="GIaBao" failures="0" tests="3" name="CommentsTest" time="0.14" errors="0" timestamp="2023-04-07T18:21:00 ICT">
  <testcase classname="AdvanceTesting.CommentTest" name="case_comment_1" time="0.084"/>
  <testcase classname="AdvanceTesting.CommentTest" name="case_comment_2" time="0.011"/>
  <testcase classname="AdvanceTesting.CommentTest" name="case_comment_3" time="0.007"/>
</testsuite> <!-- CommentsTest -->
